<?xml version="1.0" encoding="UTF-8"?>
<!-- Generated by org.testng.reporters.JUnitXMLReporter -->
<testsuite hostname="WKS35682" ignored="20" name="SmokeTest_run_1" tests="20" failures="2" timestamp="25 nov 2019 16:17:42 GMT" time="313.833" errors="0">
  <testcase name="loginTest" time="26.128" classname="TestCases.StartPage_Login"/>
  <testcase name="logoutTest" time="15.094" classname="TestCases.StartPage_Logout"/>
  <testcase name="browserCloser" time="0.73" classname="TestCases.StartPage_Logout"/>
  <testcase name="departmentNavigation" time="19.559" classname="TestCases.DepartmentPage_Navigation"/>
  <testcase name="browserCloser" time="0.0" classname="TestCases.DepartmentPage_Navigation"/>
  <testcase name="Search_add" time="22.227" classname="TestCases.StartPage_Search"/>
  <testcase name="browserCloser" time="0.702" classname="TestCases.StartPage_Search"/>
  <testcase name="EmptySBLogin" time="31.199" classname="TestCases.Shoppingbag_Login"/>
  <testcase name="browserCloser" time="0.687" classname="TestCases.Shoppingbag_Login"/>
  <testcase name="AddingProductsFromSeach" time="22.685" classname="TestCases.Shoppingbag_AddProducts"/>
  <testcase name="ClickappLink" time="22.716" classname="TestCases.CustomerService_AndroidApplink"/>
  <testcase name="browserCloser" time="0.0" classname="TestCases.CustomerService_AndroidApplink"/>
  <testcase name="ClickappLink" time="22.366" classname="TestCases.CustomerService_IOSApplink"/>
  <testcase name="browserCloser" time="0.0" classname="TestCases.CustomerService_IOSApplink"/>
  <testcase name="NewAccCreation" time="31.231" classname="TestCases.MyAccount_EditDetails"/>
  <testcase name="browserCloser" time="0.671" classname="TestCases.MyAccount_EditDetails"/>
  <testcase name="AddingFav" time="33.301" classname="TestCases.Favorites_adding"/>
  <testcase name="FavDel" time="16.111" classname="TestCases.Favorites_Deletion">
    <failure type="org.openqa.selenium.interactions.MoveTargetOutOfBoundsException" message="move target out of bounds
  (Session info: chrome=78.0.3904.108)
Build info: version: &amp;apos;3.141.59&amp;apos;, revision: &amp;apos;e82be7d358&amp;apos;, time: &amp;apos;2018-11-14T08:25:48&amp;apos;
System info: host: &amp;apos;WKS35682&amp;apos;, ip: &amp;apos;10.0.75.1&amp;apos;, os.name: &amp;apos;Windows 10&amp;apos;, os.arch: &amp;apos;amd64&amp;apos;, os.version: &amp;apos;10.0&amp;apos;, java.version: &amp;apos;1.8.0_221&amp;apos;
Driver info: org.openqa.selenium.chrome.ChromeDriver
Capabilities {acceptInsecureCerts: false, browserName: chrome, browserVersion: 78.0.3904.108, chrome: {chromedriverVersion: 77.0.3865.40 (f484704e052e0..., userDataDir: C:\Users\TEMPBA~1\AppData\L...}, goog:chromeOptions: {debuggerAddress: localhost:59508}, javascriptEnabled: true, networkConnectionEnabled: false, pageLoadStrategy: normal, platform: XP, platformName: XP, proxy: Proxy(), setWindowRect: true, strictFileInteractability: false, timeouts: {implicit: 0, pageLoad: 300000, script: 30000}, unhandledPromptBehavior: dismiss and notify}
Session ID: ecdf0145ccea0bbcc1d7dd2e3d57bdc8">
      <![CDATA[org.openqa.selenium.interactions.MoveTargetOutOfBoundsException: move target out of bounds
  (Session info: chrome=78.0.3904.108)
Build info: version: '3.141.59', revision: 'e82be7d358', time: '2018-11-14T08:25:48'
System info: host: 'WKS35682', ip: '10.0.75.1', os.name: 'Windows 10', os.arch: 'amd64', os.version: '10.0', java.version: '1.8.0_221'
Driver info: org.openqa.selenium.chrome.ChromeDriver
Capabilities {acceptInsecureCerts: false, browserName: chrome, browserVersion: 78.0.3904.108, chrome: {chromedriverVersion: 77.0.3865.40 (f484704e052e0..., userDataDir: C:\Users\TEMPBA~1\AppData\L...}, goog:chromeOptions: {debuggerAddress: localhost:59508}, javascriptEnabled: true, networkConnectionEnabled: false, pageLoadStrategy: normal, platform: XP, platformName: XP, proxy: Proxy(), setWindowRect: true, strictFileInteractability: false, timeouts: {implicit: 0, pageLoad: 300000, script: 30000}, unhandledPromptBehavior: dismiss and notify}
Session ID: ecdf0145ccea0bbcc1d7dd2e3d57bdc8
at org.openqa.selenium.remote.http.W3CHttpResponseCodec.createException(W3CHttpResponseCodec.java:187)
at org.openqa.selenium.remote.http.W3CHttpResponseCodec.decode(W3CHttpResponseCodec.java:122)
at org.openqa.selenium.remote.http.W3CHttpResponseCodec.decode(W3CHttpResponseCodec.java:49)
at org.openqa.selenium.remote.HttpCommandExecutor.execute(HttpCommandExecutor.java:158)
at org.openqa.selenium.remote.service.DriverCommandExecutor.execute(DriverCommandExecutor.java:83)
at org.openqa.selenium.remote.RemoteWebDriver.execute(RemoteWebDriver.java:552)
at org.openqa.selenium.remote.RemoteWebDriver.perform(RemoteWebDriver.java:618)
at org.openqa.selenium.interactions.Actions$BuiltAction.perform(Actions.java:639)
at sitePages.Favorites.deleteFav(Favorites.java:65)
at TestCases.Favorites_Deletion.FavDel(Favorites_Deletion.java:14)
... Removed 28 stack frames]]>
    </failure>
  </testcase> <!-- FavDel -->
  <testcase name="browserCloser" time="0.701" classname="TestCases.Favorites_Deletion"/>
  <testcase name="guestCheckout" time="47.694" classname="TestCases.GuestCheckout_Navigation">
    <failure type="org.openqa.selenium.ElementNotInteractableException" message="element not interactable
  (Session info: chrome=78.0.3904.108)
Build info: version: &amp;apos;3.141.59&amp;apos;, revision: &amp;apos;e82be7d358&amp;apos;, time: &amp;apos;2018-11-14T08:25:48&amp;apos;
System info: host: &amp;apos;WKS35682&amp;apos;, ip: &amp;apos;10.0.75.1&amp;apos;, os.name: &amp;apos;Windows 10&amp;apos;, os.arch: &amp;apos;amd64&amp;apos;, os.version: &amp;apos;10.0&amp;apos;, java.version: &amp;apos;1.8.0_221&amp;apos;
Driver info: org.openqa.selenium.chrome.ChromeDriver
Capabilities {acceptInsecureCerts: false, browserName: chrome, browserVersion: 78.0.3904.108, chrome: {chromedriverVersion: 77.0.3865.40 (f484704e052e0..., userDataDir: C:\Users\TEMPBA~1\AppData\L...}, goog:chromeOptions: {debuggerAddress: localhost:59694}, javascriptEnabled: true, networkConnectionEnabled: false, pageLoadStrategy: normal, platform: XP, platformName: XP, proxy: Proxy(), setWindowRect: true, strictFileInteractability: false, timeouts: {implicit: 0, pageLoad: 300000, script: 30000}, unhandledPromptBehavior: dismiss and notify}
Session ID: 4ed49e365ed758ec77633c383da8e3f7">
      <![CDATA[org.openqa.selenium.ElementNotInteractableException: element not interactable
  (Session info: chrome=78.0.3904.108)
Build info: version: '3.141.59', revision: 'e82be7d358', time: '2018-11-14T08:25:48'
System info: host: 'WKS35682', ip: '10.0.75.1', os.name: 'Windows 10', os.arch: 'amd64', os.version: '10.0', java.version: '1.8.0_221'
Driver info: org.openqa.selenium.chrome.ChromeDriver
Capabilities {acceptInsecureCerts: false, browserName: chrome, browserVersion: 78.0.3904.108, chrome: {chromedriverVersion: 77.0.3865.40 (f484704e052e0..., userDataDir: C:\Users\TEMPBA~1\AppData\L...}, goog:chromeOptions: {debuggerAddress: localhost:59694}, javascriptEnabled: true, networkConnectionEnabled: false, pageLoadStrategy: normal, platform: XP, platformName: XP, proxy: Proxy(), setWindowRect: true, strictFileInteractability: false, timeouts: {implicit: 0, pageLoad: 300000, script: 30000}, unhandledPromptBehavior: dismiss and notify}
Session ID: 4ed49e365ed758ec77633c383da8e3f7
at org.openqa.selenium.remote.http.W3CHttpResponseCodec.createException(W3CHttpResponseCodec.java:187)
at org.openqa.selenium.remote.http.W3CHttpResponseCodec.decode(W3CHttpResponseCodec.java:122)
at org.openqa.selenium.remote.http.W3CHttpResponseCodec.decode(W3CHttpResponseCodec.java:49)
at org.openqa.selenium.remote.HttpCommandExecutor.execute(HttpCommandExecutor.java:158)
at org.openqa.selenium.remote.service.DriverCommandExecutor.execute(DriverCommandExecutor.java:83)
at org.openqa.selenium.remote.RemoteWebDriver.execute(RemoteWebDriver.java:552)
at org.openqa.selenium.remote.RemoteWebElement.execute(RemoteWebElement.java:285)
at org.openqa.selenium.remote.RemoteWebElement.click(RemoteWebElement.java:84)
at sitePages.GuestCheckout.guestCheckout(GuestCheckout.java:54)
at TestCases.GuestCheckout_Navigation.guestCheckout(GuestCheckout_Navigation.java:17)
... Removed 28 stack frames]]>
    </failure>
  </testcase> <!-- guestCheckout -->
  <testcase name="@BeforeSuite fFBrowserInitiation" time="0.0" classname="utilities.DriverUntility">
    <ignored/>
  </testcase> <!-- @BeforeSuite fFBrowserInitiation -->
  <testcase name="@BeforeSuite fFBrowserInitiation" time="0.0" classname="utilities.DriverUntility">
    <ignored/>
  </testcase> <!-- @BeforeSuite fFBrowserInitiation -->
  <testcase name="@BeforeSuite fFBrowserInitiation" time="0.0" classname="utilities.DriverUntility">
    <ignored/>
  </testcase> <!-- @BeforeSuite fFBrowserInitiation -->
  <testcase name="@BeforeSuite fFBrowserInitiation" time="0.0" classname="utilities.DriverUntility">
    <ignored/>
  </testcase> <!-- @BeforeSuite fFBrowserInitiation -->
  <testcase name="@BeforeSuite fFBrowserInitiation" time="0.0" classname="utilities.DriverUntility">
    <ignored/>
  </testcase> <!-- @BeforeSuite fFBrowserInitiation -->
  <testcase name="@BeforeSuite fFBrowserInitiation" time="0.0" classname="utilities.DriverUntility">
    <ignored/>
  </testcase> <!-- @BeforeSuite fFBrowserInitiation -->
  <testcase name="@BeforeSuite fFBrowserInitiation" time="0.0" classname="utilities.DriverUntility">
    <ignored/>
  </testcase> <!-- @BeforeSuite fFBrowserInitiation -->
  <testcase name="@BeforeSuite fFBrowserInitiation" time="0.0" classname="utilities.DriverUntility">
    <ignored/>
  </testcase> <!-- @BeforeSuite fFBrowserInitiation -->
  <testcase name="@BeforeSuite fFBrowserInitiation" time="0.0" classname="utilities.DriverUntility">
    <ignored/>
  </testcase> <!-- @BeforeSuite fFBrowserInitiation -->
  <testcase name="@BeforeSuite fFBrowserInitiation" time="0.0" classname="utilities.DriverUntility">
    <ignored/>
  </testcase> <!-- @BeforeSuite fFBrowserInitiation -->
  <testcase name="@BeforeSuite chromebrowserInitiation" time="0.0" classname="utilities.DriverUntility">
    <ignored/>
  </testcase> <!-- @BeforeSuite chromebrowserInitiation -->
  <testcase name="@BeforeSuite chromebrowserInitiation" time="0.0" classname="utilities.DriverUntility">
    <ignored/>
  </testcase> <!-- @BeforeSuite chromebrowserInitiation -->
  <testcase name="@BeforeSuite chromebrowserInitiation" time="0.0" classname="utilities.DriverUntility">
    <ignored/>
  </testcase> <!-- @BeforeSuite chromebrowserInitiation -->
  <testcase name="@BeforeSuite chromebrowserInitiation" time="0.0" classname="utilities.DriverUntility">
    <ignored/>
  </testcase> <!-- @BeforeSuite chromebrowserInitiation -->
  <testcase name="@BeforeSuite chromebrowserInitiation" time="0.0" classname="utilities.DriverUntility">
    <ignored/>
  </testcase> <!-- @BeforeSuite chromebrowserInitiation -->
  <testcase name="@BeforeSuite chromebrowserInitiation" time="0.0" classname="utilities.DriverUntility">
    <ignored/>
  </testcase> <!-- @BeforeSuite chromebrowserInitiation -->
  <testcase name="@BeforeSuite chromebrowserInitiation" time="0.0" classname="utilities.DriverUntility">
    <ignored/>
  </testcase> <!-- @BeforeSuite chromebrowserInitiation -->
  <testcase name="@BeforeSuite chromebrowserInitiation" time="0.0" classname="utilities.DriverUntility">
    <ignored/>
  </testcase> <!-- @BeforeSuite chromebrowserInitiation -->
  <testcase name="@BeforeSuite chromebrowserInitiation" time="0.0" classname="utilities.DriverUntility">
    <ignored/>
  </testcase> <!-- @BeforeSuite chromebrowserInitiation -->
  <testcase name="@BeforeSuite chromebrowserInitiation" time="0.0" classname="utilities.DriverUntility">
    <ignored/>
  </testcase> <!-- @BeforeSuite chromebrowserInitiation -->
</testsuite> <!-- SmokeTest_run_1 -->
