<?xml version="1.0" encoding="UTF-8"?>
<!-- Generated by org.testng.reporters.JUnitXMLReporter -->
<testsuite hostname="WKS35682" ignored="8" name="LoginTest" tests="5" failures="1" timestamp="23 nov 2019 08:28:00 GMT" time="72.502" errors="0">
  <testcase name="departmentNavigation" time="12.504" classname="TestCases.DepartmentPage_Navigation"/>
  <testcase name="loginTest" time="19.654" classname="TestCases.StartPage_Login"/>
  <testcase name="logoutTest" time="16.127" classname="TestCases.StartPage_Logout"/>
  <testcase name="ClickappLink" time="12.295" classname="TestCases.CustomerService_AndroidApplink">
    <failure type="java.lang.AssertionError" message="expected [H&amp;amp;M - we love fashion - Apps on Google Play] but found [Not Found]">
      <![CDATA[java.lang.AssertionError: expected [H&M - we love fashion - Apps on Google Play] but found [Not Found]
at TestCases.CustomerService_AndroidApplink.ClickappLink(CustomerService_AndroidApplink.java:17)
... Removed 30 stack frames]]>
    </failure>
  </testcase> <!-- ClickappLink -->
  <testcase name="ClickappLink" time="11.898" classname="TestCases.CustomerService_IOSApplink"/>
  <testcase name="@BeforeSuite FFBrowserInitiation" time="0.0" classname="utilities.DriverUntility">
    <ignored/>
  </testcase> <!-- @BeforeSuite FFBrowserInitiation -->
  <testcase name="@BeforeSuite FFBrowserInitiation" time="0.0" classname="utilities.DriverUntility">
    <ignored/>
  </testcase> <!-- @BeforeSuite FFBrowserInitiation -->
  <testcase name="@BeforeSuite FFBrowserInitiation" time="0.0" classname="utilities.DriverUntility">
    <ignored/>
  </testcase> <!-- @BeforeSuite FFBrowserInitiation -->
  <testcase name="@BeforeSuite FFBrowserInitiation" time="0.0" classname="utilities.DriverUntility">
    <ignored/>
  </testcase> <!-- @BeforeSuite FFBrowserInitiation -->
  <testcase name="@BeforeSuite ChromebrowserInitiation" time="0.0" classname="utilities.DriverUntility">
    <ignored/>
  </testcase> <!-- @BeforeSuite ChromebrowserInitiation -->
  <testcase name="@BeforeSuite ChromebrowserInitiation" time="0.0" classname="utilities.DriverUntility">
    <ignored/>
  </testcase> <!-- @BeforeSuite ChromebrowserInitiation -->
  <testcase name="@BeforeSuite ChromebrowserInitiation" time="0.0" classname="utilities.DriverUntility">
    <ignored/>
  </testcase> <!-- @BeforeSuite ChromebrowserInitiation -->
  <testcase name="@BeforeSuite ChromebrowserInitiation" time="0.0" classname="utilities.DriverUntility">
    <ignored/>
  </testcase> <!-- @BeforeSuite ChromebrowserInitiation -->
</testsuite> <!-- LoginTest -->
